c:\users\jorge\desktop\dae\3rd year\2nd semester\programming 4\exam_assignment\gameproject\x64\release\gameproject.pch
c:\users\jorge\desktop\dae\3rd year\2nd semester\programming 4\exam_assignment\gameproject\x64\release\vc141.pdb
c:\users\jorge\desktop\dae\3rd year\2nd semester\programming 4\exam_assignment\gameproject\x64\release\pch.obj
c:\users\jorge\desktop\dae\3rd year\2nd semester\programming 4\exam_assignment\gameproject\x64\release\spritedescswitchcomponent.obj
c:\users\jorge\desktop\dae\3rd year\2nd semester\programming 4\exam_assignment\gameproject\x64\release\playerspriteswitchcomponent.obj
c:\users\jorge\desktop\dae\3rd year\2nd semester\programming 4\exam_assignment\gameproject\x64\release\playermovementcomponent.obj
c:\users\jorge\desktop\dae\3rd year\2nd semester\programming 4\exam_assignment\gameproject\x64\release\gameproject.obj
c:\users\jorge\desktop\dae\3rd year\2nd semester\programming 4\exam_assignment\gameproject\x64\release\fpsscene.obj
c:\users\jorge\desktop\dae\3rd year\2nd semester\programming 4\exam_assignment\gameproject\x64\release\fpsdisplaycomponent.obj
c:\users\jorge\desktop\dae\3rd year\2nd semester\programming 4\exam_assignment\gameproject\x64\release\enemymanager.obj
c:\users\jorge\desktop\dae\3rd year\2nd semester\programming 4\exam_assignment\gameproject\x64\release\digdug.obj
c:\users\jorge\desktop\dae\3rd year\2nd semester\programming 4\exam_assignment\gameproject\x64\release\blockmanager.obj
c:\users\jorge\desktop\dae\3rd year\2nd semester\programming 4\exam_assignment\gameproject\x64\release\playermovementcommand.obj
c:\users\jorge\desktop\dae\3rd year\2nd semester\programming 4\exam_assignment\gameproject\x64\release\playercollisionhandler.obj
c:\users\jorge\desktop\dae\3rd year\2nd semester\programming 4\exam_assignment\gameproject\x64\release\blockcollisionhandler.obj
c:\users\jorge\desktop\dae\3rd year\2nd semester\programming 4\exam_assignment\x64\release\gameproject.lib
c:\users\jorge\desktop\dae\3rd year\2nd semester\programming 4\exam_assignment\x64\release\gameproject.exp
c:\users\jorge\desktop\dae\3rd year\2nd semester\programming 4\exam_assignment\x64\release\gameproject.ipdb
c:\users\jorge\desktop\dae\3rd year\2nd semester\programming 4\exam_assignment\x64\release\gameproject.iobj
c:\users\jorge\desktop\dae\3rd year\2nd semester\programming 4\exam_assignment\x64\release\gameproject.exe
c:\users\jorge\desktop\dae\3rd year\2nd semester\programming 4\exam_assignment\x64\release\gameproject.pdb
c:\users\jorge\desktop\dae\3rd year\2nd semester\programming 4\exam_assignment\gameproject\x64\release\gameproject.tlog\cl.command.1.tlog
c:\users\jorge\desktop\dae\3rd year\2nd semester\programming 4\exam_assignment\gameproject\x64\release\gameproject.tlog\cl.read.1.tlog
c:\users\jorge\desktop\dae\3rd year\2nd semester\programming 4\exam_assignment\gameproject\x64\release\gameproject.tlog\cl.write.1.tlog
c:\users\jorge\desktop\dae\3rd year\2nd semester\programming 4\exam_assignment\gameproject\x64\release\gameproject.tlog\gameproject.write.1u.tlog
c:\users\jorge\desktop\dae\3rd year\2nd semester\programming 4\exam_assignment\gameproject\x64\release\gameproject.tlog\link.command.1.tlog
c:\users\jorge\desktop\dae\3rd year\2nd semester\programming 4\exam_assignment\gameproject\x64\release\gameproject.tlog\link.read.1.tlog
c:\users\jorge\desktop\dae\3rd year\2nd semester\programming 4\exam_assignment\gameproject\x64\release\gameproject.tlog\link.write.1.tlog
