c:\users\jorge\desktop\dae\3rd year\2nd semester\programming 4\exam_assignment\minigin\win32\release\minigin.pch
c:\users\jorge\desktop\dae\3rd year\2nd semester\programming 4\exam_assignment\minigin\win32\release\minigin.pdb
c:\users\jorge\desktop\dae\3rd year\2nd semester\programming 4\exam_assignment\minigin\win32\release\miniginpch.obj
c:\users\jorge\desktop\dae\3rd year\2nd semester\programming 4\exam_assignment\minigin\win32\release\scalecomponent.obj
c:\users\jorge\desktop\dae\3rd year\2nd semester\programming 4\exam_assignment\minigin\win32\release\rotationcomponent.obj
c:\users\jorge\desktop\dae\3rd year\2nd semester\programming 4\exam_assignment\minigin\win32\release\resourcemanager.obj
c:\users\jorge\desktop\dae\3rd year\2nd semester\programming 4\exam_assignment\minigin\win32\release\renderer.obj
c:\users\jorge\desktop\dae\3rd year\2nd semester\programming 4\exam_assignment\minigin\win32\release\rendercomponent.obj
c:\users\jorge\desktop\dae\3rd year\2nd semester\programming 4\exam_assignment\minigin\win32\release\poolmanager.obj
c:\users\jorge\desktop\dae\3rd year\2nd semester\programming 4\exam_assignment\minigin\win32\release\musicmanager.obj
c:\users\jorge\desktop\dae\3rd year\2nd semester\programming 4\exam_assignment\minigin\win32\release\minigin.obj
c:\users\jorge\desktop\dae\3rd year\2nd semester\programming 4\exam_assignment\minigin\win32\release\log.obj
c:\users\jorge\desktop\dae\3rd year\2nd semester\programming 4\exam_assignment\minigin\win32\release\levelcollidercomponent.obj
c:\users\jorge\desktop\dae\3rd year\2nd semester\programming 4\exam_assignment\minigin\win32\release\inputmanager.obj
c:\users\jorge\desktop\dae\3rd year\2nd semester\programming 4\exam_assignment\minigin\win32\release\inputcomponent.obj
c:\users\jorge\desktop\dae\3rd year\2nd semester\programming 4\exam_assignment\minigin\win32\release\gamescene.obj
c:\users\jorge\desktop\dae\3rd year\2nd semester\programming 4\exam_assignment\minigin\win32\release\gamepad.obj
c:\users\jorge\desktop\dae\3rd year\2nd semester\programming 4\exam_assignment\minigin\win32\release\gameobject.obj
c:\users\jorge\desktop\dae\3rd year\2nd semester\programming 4\exam_assignment\minigin\win32\release\font.obj
c:\users\jorge\desktop\dae\3rd year\2nd semester\programming 4\exam_assignment\minigin\win32\release\collisionmanager.obj
c:\users\jorge\desktop\dae\3rd year\2nd semester\programming 4\exam_assignment\minigin\win32\release\collidercomponent.obj
c:\users\jorge\desktop\dae\3rd year\2nd semester\programming 4\exam_assignment\minigin\win32\release\baseobject.obj
c:\users\jorge\desktop\dae\3rd year\2nd semester\programming 4\exam_assignment\minigin\win32\release\basecollisionhandler.obj
c:\users\jorge\desktop\dae\3rd year\2nd semester\programming 4\exam_assignment\minigin\win32\release\translationcomponent.obj
c:\users\jorge\desktop\dae\3rd year\2nd semester\programming 4\exam_assignment\minigin\win32\release\transformcomponent.obj
c:\users\jorge\desktop\dae\3rd year\2nd semester\programming 4\exam_assignment\minigin\win32\release\timercomponent.obj
c:\users\jorge\desktop\dae\3rd year\2nd semester\programming 4\exam_assignment\minigin\win32\release\time.obj
c:\users\jorge\desktop\dae\3rd year\2nd semester\programming 4\exam_assignment\minigin\win32\release\texturemanager.obj
c:\users\jorge\desktop\dae\3rd year\2nd semester\programming 4\exam_assignment\minigin\win32\release\texture2d.obj
c:\users\jorge\desktop\dae\3rd year\2nd semester\programming 4\exam_assignment\minigin\win32\release\textcomponent.obj
c:\users\jorge\desktop\dae\3rd year\2nd semester\programming 4\exam_assignment\minigin\win32\release\svgparser.obj
c:\users\jorge\desktop\dae\3rd year\2nd semester\programming 4\exam_assignment\minigin\win32\release\spritecomponent.obj
c:\users\jorge\desktop\dae\3rd year\2nd semester\programming 4\exam_assignment\minigin\win32\release\soundstream.obj
c:\users\jorge\desktop\dae\3rd year\2nd semester\programming 4\exam_assignment\minigin\win32\release\soundeffect.obj
c:\users\jorge\desktop\dae\3rd year\2nd semester\programming 4\exam_assignment\minigin\win32\release\soundcomponent.obj
c:\users\jorge\desktop\dae\3rd year\2nd semester\programming 4\exam_assignment\minigin\win32\release\scenemanager.obj
c:\users\jorge\desktop\dae\3rd year\2nd semester\programming 4\exam_assignment\win32\release\minigin.lib
c:\users\jorge\desktop\dae\3rd year\2nd semester\programming 4\exam_assignment\minigin\win32\release\minigin.tlog\cl.command.1.tlog
c:\users\jorge\desktop\dae\3rd year\2nd semester\programming 4\exam_assignment\minigin\win32\release\minigin.tlog\cl.read.1.tlog
c:\users\jorge\desktop\dae\3rd year\2nd semester\programming 4\exam_assignment\minigin\win32\release\minigin.tlog\cl.write.1.tlog
c:\users\jorge\desktop\dae\3rd year\2nd semester\programming 4\exam_assignment\minigin\win32\release\minigin.tlog\lib-link.read.1.tlog
c:\users\jorge\desktop\dae\3rd year\2nd semester\programming 4\exam_assignment\minigin\win32\release\minigin.tlog\lib-link.write.1.tlog
c:\users\jorge\desktop\dae\3rd year\2nd semester\programming 4\exam_assignment\minigin\win32\release\minigin.tlog\lib.command.1.tlog
