  MiniginPCH.cpp
  BaseCollisionHandler.cpp
  BaseObject.cpp
  ColliderComponent.cpp
  CollisionManager.cpp
  Font.cpp
  GameObject.cpp
  Gamepad.cpp
  GameScene.cpp
  InputComponent.cpp
  InputManager.cpp
  LevelColliderComponent.cpp
  Log.cpp
  Minigin.cpp
  MusicManager.cpp
  PoolManager.cpp
  RenderComponent.cpp
  Renderer.cpp
  ResourceManager.cpp
  RotationComponent.cpp
  ScaleComponent.cpp
  Compiling...
  SceneManager.cpp
  SoundComponent.cpp
  SoundEffect.cpp
  SoundStream.cpp
  SpriteComponent.cpp
  SVGParser.cpp
  TextComponent.cpp
  Texture2D.cpp
  TextureManager.cpp
  Time.cpp
  TimerComponent.cpp
  TransformComponent.cpp
  TranslationComponent.cpp
  Minigin.vcxproj -> C:\Users\jorge\Desktop\DAE\3rd Year\2nd semester\Programming 4\Exam_Assignment\Win32\Release\Minigin.lib
  C:\Users\jorge\Desktop\DAE\3rd Year\2nd semester\Programming 4\Exam_Assignment\3rdParty\SDL2\lib\x86\SDL2.dll
  1 File(s) copied
  Parse Error
  C:\Users\jorge\Desktop\DAE\3rd Year\2nd semester\Programming 4\Exam_Assignment\3rdParty\SDL2_ttf\lib\x86\libfreetype-6.dll
  C:\Users\jorge\Desktop\DAE\3rd Year\2nd semester\Programming 4\Exam_Assignment\3rdParty\SDL2_ttf\lib\x86\SDL2_ttf.dll
  2 File(s) copied
  C:\Users\jorge\Desktop\DAE\3rd Year\2nd semester\Programming 4\Exam_Assignment\3rdParty\SDL2_mixer-2.0.1\lib\x86\libFLAC-8.dll
  C:\Users\jorge\Desktop\DAE\3rd Year\2nd semester\Programming 4\Exam_Assignment\3rdParty\SDL2_mixer-2.0.1\lib\x86\libmodplug-1.dll
  C:\Users\jorge\Desktop\DAE\3rd Year\2nd semester\Programming 4\Exam_Assignment\3rdParty\SDL2_mixer-2.0.1\lib\x86\libogg-0.dll
  C:\Users\jorge\Desktop\DAE\3rd Year\2nd semester\Programming 4\Exam_Assignment\3rdParty\SDL2_mixer-2.0.1\lib\x86\libvorbis-0.dll
  C:\Users\jorge\Desktop\DAE\3rd Year\2nd semester\Programming 4\Exam_Assignment\3rdParty\SDL2_mixer-2.0.1\lib\x86\libvorbisfile-3.dll
  C:\Users\jorge\Desktop\DAE\3rd Year\2nd semester\Programming 4\Exam_Assignment\3rdParty\SDL2_mixer-2.0.1\lib\x86\SDL2_mixer.dll
  C:\Users\jorge\Desktop\DAE\3rd Year\2nd semester\Programming 4\Exam_Assignment\3rdParty\SDL2_mixer-2.0.1\lib\x86\smpeg2.dll
  7 File(s) copied
  C:\Users\jorge\Desktop\DAE\3rd Year\2nd semester\Programming 4\Exam_Assignment\3rdParty\SDL_gfx\lib\sdlgfx.dll
  1 File(s) copied
