c:\users\jorge\desktop\dae\3rd year\2nd semester\programming 4\exam_assignment\minigin\x64\release\minigin.pch
c:\users\jorge\desktop\dae\3rd year\2nd semester\programming 4\exam_assignment\minigin\x64\release\minigin.pdb
c:\users\jorge\desktop\dae\3rd year\2nd semester\programming 4\exam_assignment\minigin\x64\release\miniginpch.obj
c:\users\jorge\desktop\dae\3rd year\2nd semester\programming 4\exam_assignment\minigin\x64\release\scalecomponent.obj
c:\users\jorge\desktop\dae\3rd year\2nd semester\programming 4\exam_assignment\minigin\x64\release\rotationcomponent.obj
c:\users\jorge\desktop\dae\3rd year\2nd semester\programming 4\exam_assignment\minigin\x64\release\resourcemanager.obj
c:\users\jorge\desktop\dae\3rd year\2nd semester\programming 4\exam_assignment\minigin\x64\release\renderer.obj
c:\users\jorge\desktop\dae\3rd year\2nd semester\programming 4\exam_assignment\minigin\x64\release\rendercomponent.obj
c:\users\jorge\desktop\dae\3rd year\2nd semester\programming 4\exam_assignment\minigin\x64\release\quad.obj
c:\users\jorge\desktop\dae\3rd year\2nd semester\programming 4\exam_assignment\minigin\x64\release\poolmanager.obj
c:\users\jorge\desktop\dae\3rd year\2nd semester\programming 4\exam_assignment\minigin\x64\release\musicmanager.obj
c:\users\jorge\desktop\dae\3rd year\2nd semester\programming 4\exam_assignment\minigin\x64\release\minigin.obj
c:\users\jorge\desktop\dae\3rd year\2nd semester\programming 4\exam_assignment\minigin\x64\release\log.obj
c:\users\jorge\desktop\dae\3rd year\2nd semester\programming 4\exam_assignment\minigin\x64\release\levelcollidercomponent.obj
c:\users\jorge\desktop\dae\3rd year\2nd semester\programming 4\exam_assignment\minigin\x64\release\inputmanager.obj
c:\users\jorge\desktop\dae\3rd year\2nd semester\programming 4\exam_assignment\minigin\x64\release\inputcomponent.obj
c:\users\jorge\desktop\dae\3rd year\2nd semester\programming 4\exam_assignment\minigin\x64\release\gamescene.obj
c:\users\jorge\desktop\dae\3rd year\2nd semester\programming 4\exam_assignment\minigin\x64\release\gamepad.obj
c:\users\jorge\desktop\dae\3rd year\2nd semester\programming 4\exam_assignment\minigin\x64\release\gameobject.obj
c:\users\jorge\desktop\dae\3rd year\2nd semester\programming 4\exam_assignment\minigin\x64\release\font.obj
c:\users\jorge\desktop\dae\3rd year\2nd semester\programming 4\exam_assignment\minigin\x64\release\collisionmanager.obj
c:\users\jorge\desktop\dae\3rd year\2nd semester\programming 4\exam_assignment\minigin\x64\release\collidercomponent.obj
c:\users\jorge\desktop\dae\3rd year\2nd semester\programming 4\exam_assignment\minigin\x64\release\baseshape.obj
c:\users\jorge\desktop\dae\3rd year\2nd semester\programming 4\exam_assignment\minigin\x64\release\translationcomponent.obj
c:\users\jorge\desktop\dae\3rd year\2nd semester\programming 4\exam_assignment\minigin\x64\release\transformcomponent.obj
c:\users\jorge\desktop\dae\3rd year\2nd semester\programming 4\exam_assignment\minigin\x64\release\timercomponent.obj
c:\users\jorge\desktop\dae\3rd year\2nd semester\programming 4\exam_assignment\minigin\x64\release\time.obj
c:\users\jorge\desktop\dae\3rd year\2nd semester\programming 4\exam_assignment\minigin\x64\release\texture2d.obj
c:\users\jorge\desktop\dae\3rd year\2nd semester\programming 4\exam_assignment\minigin\x64\release\textcomponent.obj
c:\users\jorge\desktop\dae\3rd year\2nd semester\programming 4\exam_assignment\minigin\x64\release\svgparser.obj
c:\users\jorge\desktop\dae\3rd year\2nd semester\programming 4\exam_assignment\minigin\x64\release\spritecomponent.obj
c:\users\jorge\desktop\dae\3rd year\2nd semester\programming 4\exam_assignment\minigin\x64\release\soundstream.obj
c:\users\jorge\desktop\dae\3rd year\2nd semester\programming 4\exam_assignment\minigin\x64\release\soundeffect.obj
c:\users\jorge\desktop\dae\3rd year\2nd semester\programming 4\exam_assignment\minigin\x64\release\soundcomponent.obj
c:\users\jorge\desktop\dae\3rd year\2nd semester\programming 4\exam_assignment\minigin\x64\release\scenemanager.obj
c:\users\jorge\desktop\dae\3rd year\2nd semester\programming 4\exam_assignment\x64\release\minigin.lib
c:\users\jorge\desktop\dae\3rd year\2nd semester\programming 4\exam_assignment\minigin\x64\release\minigin.tlog\cl.command.1.tlog
c:\users\jorge\desktop\dae\3rd year\2nd semester\programming 4\exam_assignment\minigin\x64\release\minigin.tlog\cl.read.1.tlog
c:\users\jorge\desktop\dae\3rd year\2nd semester\programming 4\exam_assignment\minigin\x64\release\minigin.tlog\cl.write.1.tlog
c:\users\jorge\desktop\dae\3rd year\2nd semester\programming 4\exam_assignment\minigin\x64\release\minigin.tlog\lib-link.read.1.tlog
c:\users\jorge\desktop\dae\3rd year\2nd semester\programming 4\exam_assignment\minigin\x64\release\minigin.tlog\lib-link.write.1.tlog
c:\users\jorge\desktop\dae\3rd year\2nd semester\programming 4\exam_assignment\minigin\x64\release\minigin.tlog\lib.command.1.tlog
