c:\users\jorge\desktop\dae\3rd year\2nd semester\programming 4\exam_assignment\minigin\x64\debug\minigin.pch
c:\users\jorge\desktop\dae\3rd year\2nd semester\programming 4\exam_assignment\minigin\x64\debug\minigin.pdb
c:\users\jorge\desktop\dae\3rd year\2nd semester\programming 4\exam_assignment\minigin\x64\debug\minigin.idb
c:\users\jorge\desktop\dae\3rd year\2nd semester\programming 4\exam_assignment\minigin\x64\debug\miniginpch.obj
c:\users\jorge\desktop\dae\3rd year\2nd semester\programming 4\exam_assignment\minigin\x64\debug\scalecomponent.obj
c:\users\jorge\desktop\dae\3rd year\2nd semester\programming 4\exam_assignment\minigin\x64\debug\rotationcomponent.obj
c:\users\jorge\desktop\dae\3rd year\2nd semester\programming 4\exam_assignment\minigin\x64\debug\resourcemanager.obj
c:\users\jorge\desktop\dae\3rd year\2nd semester\programming 4\exam_assignment\minigin\x64\debug\renderer.obj
c:\users\jorge\desktop\dae\3rd year\2nd semester\programming 4\exam_assignment\minigin\x64\debug\rendercomponent.obj
c:\users\jorge\desktop\dae\3rd year\2nd semester\programming 4\exam_assignment\minigin\x64\debug\poolmanager.obj
c:\users\jorge\desktop\dae\3rd year\2nd semester\programming 4\exam_assignment\minigin\x64\debug\musicmanager.obj
c:\users\jorge\desktop\dae\3rd year\2nd semester\programming 4\exam_assignment\minigin\x64\debug\minigin.obj
c:\users\jorge\desktop\dae\3rd year\2nd semester\programming 4\exam_assignment\minigin\x64\debug\log.obj
c:\users\jorge\desktop\dae\3rd year\2nd semester\programming 4\exam_assignment\minigin\x64\debug\levelcollidercomponent.obj
c:\users\jorge\desktop\dae\3rd year\2nd semester\programming 4\exam_assignment\minigin\x64\debug\inputmanager.obj
c:\users\jorge\desktop\dae\3rd year\2nd semester\programming 4\exam_assignment\minigin\x64\debug\inputcomponent.obj
c:\users\jorge\desktop\dae\3rd year\2nd semester\programming 4\exam_assignment\minigin\x64\debug\gamescene.obj
c:\users\jorge\desktop\dae\3rd year\2nd semester\programming 4\exam_assignment\minigin\x64\debug\gamepad.obj
c:\users\jorge\desktop\dae\3rd year\2nd semester\programming 4\exam_assignment\minigin\x64\debug\gameobject.obj
c:\users\jorge\desktop\dae\3rd year\2nd semester\programming 4\exam_assignment\minigin\x64\debug\font.obj
c:\users\jorge\desktop\dae\3rd year\2nd semester\programming 4\exam_assignment\minigin\x64\debug\collisionmanager.obj
c:\users\jorge\desktop\dae\3rd year\2nd semester\programming 4\exam_assignment\minigin\x64\debug\collidercomponent.obj
c:\users\jorge\desktop\dae\3rd year\2nd semester\programming 4\exam_assignment\minigin\x64\debug\baseobject.obj
c:\users\jorge\desktop\dae\3rd year\2nd semester\programming 4\exam_assignment\minigin\x64\debug\basecollisionhandler.obj
c:\users\jorge\desktop\dae\3rd year\2nd semester\programming 4\exam_assignment\minigin\x64\debug\translationcomponent.obj
c:\users\jorge\desktop\dae\3rd year\2nd semester\programming 4\exam_assignment\minigin\x64\debug\transformcomponent.obj
c:\users\jorge\desktop\dae\3rd year\2nd semester\programming 4\exam_assignment\minigin\x64\debug\timercomponent.obj
c:\users\jorge\desktop\dae\3rd year\2nd semester\programming 4\exam_assignment\minigin\x64\debug\time.obj
c:\users\jorge\desktop\dae\3rd year\2nd semester\programming 4\exam_assignment\minigin\x64\debug\texturemanager.obj
c:\users\jorge\desktop\dae\3rd year\2nd semester\programming 4\exam_assignment\minigin\x64\debug\texture2d.obj
c:\users\jorge\desktop\dae\3rd year\2nd semester\programming 4\exam_assignment\minigin\x64\debug\textcomponent.obj
c:\users\jorge\desktop\dae\3rd year\2nd semester\programming 4\exam_assignment\minigin\x64\debug\svgparser.obj
c:\users\jorge\desktop\dae\3rd year\2nd semester\programming 4\exam_assignment\minigin\x64\debug\spritecomponent.obj
c:\users\jorge\desktop\dae\3rd year\2nd semester\programming 4\exam_assignment\minigin\x64\debug\soundstream.obj
c:\users\jorge\desktop\dae\3rd year\2nd semester\programming 4\exam_assignment\minigin\x64\debug\soundeffect.obj
c:\users\jorge\desktop\dae\3rd year\2nd semester\programming 4\exam_assignment\minigin\x64\debug\soundcomponent.obj
c:\users\jorge\desktop\dae\3rd year\2nd semester\programming 4\exam_assignment\minigin\x64\debug\scenemanager.obj
c:\users\jorge\desktop\dae\3rd year\2nd semester\programming 4\exam_assignment\x64\debug\minigin.lib
c:\users\jorge\desktop\dae\3rd year\2nd semester\programming 4\exam_assignment\x64\debug\minigin.pdb
c:\users\jorge\desktop\dae\3rd year\2nd semester\programming 4\exam_assignment\minigin\x64\debug\minigin.tlog\cl.command.1.tlog
c:\users\jorge\desktop\dae\3rd year\2nd semester\programming 4\exam_assignment\minigin\x64\debug\minigin.tlog\cl.read.1.tlog
c:\users\jorge\desktop\dae\3rd year\2nd semester\programming 4\exam_assignment\minigin\x64\debug\minigin.tlog\cl.write.1.tlog
c:\users\jorge\desktop\dae\3rd year\2nd semester\programming 4\exam_assignment\minigin\x64\debug\minigin.tlog\lib-link.read.1.tlog
c:\users\jorge\desktop\dae\3rd year\2nd semester\programming 4\exam_assignment\minigin\x64\debug\minigin.tlog\lib-link.write.1.tlog
c:\users\jorge\desktop\dae\3rd year\2nd semester\programming 4\exam_assignment\minigin\x64\debug\minigin.tlog\lib.command.1.tlog
