  BlockCollisionHandler.cpp
  BlockManager.cpp
  DigDug.cpp
  EnemyManager.cpp
  EnterCommand.cpp
  FPSDisplayComponent.cpp
  FPSScene.cpp
  GameProject.cpp
  MenuScene.cpp
  PlayerCollisionHandler.cpp
  PlayerManager.cpp
  PlayerMovementCommand.cpp
  PlayerMovementComponent.cpp
  PlayerSpriteSwitchComponent.cpp
  SelectCommand.cpp
  SelectionComponent.cpp
  SpriteDescSwitchComponent.cpp
  SpriteDirectionComponent.cpp
  Generating Code...
     Creating library C:\Users\jorge\Desktop\DAE\3rd Year\2nd semester\Programming 4\Exam_Assignment\x64\Debug\GameProject.lib and object C:\Users\jorge\Desktop\DAE\3rd Year\2nd semester\Programming 4\Exam_Assignment\x64\Debug\GameProject.exp
  GameProject.vcxproj -> C:\Users\jorge\Desktop\DAE\3rd Year\2nd semester\Programming 4\Exam_Assignment\x64\Debug\GameProject.exe
