c:\users\jorge\desktop\dae\3rd year\2nd semester\programming 4\exam_assignment\gameproject\x64\debug\gameproject.pch
c:\users\jorge\desktop\dae\3rd year\2nd semester\programming 4\exam_assignment\gameproject\x64\debug\vc141.pdb
c:\users\jorge\desktop\dae\3rd year\2nd semester\programming 4\exam_assignment\gameproject\x64\debug\vc141.idb
c:\users\jorge\desktop\dae\3rd year\2nd semester\programming 4\exam_assignment\gameproject\x64\debug\pch.obj
c:\users\jorge\desktop\dae\3rd year\2nd semester\programming 4\exam_assignment\gameproject\x64\debug\spritedescswitchcomponent.obj
c:\users\jorge\desktop\dae\3rd year\2nd semester\programming 4\exam_assignment\gameproject\x64\debug\gameproject.obj
c:\users\jorge\desktop\dae\3rd year\2nd semester\programming 4\exam_assignment\gameproject\x64\debug\fpsscene.obj
c:\users\jorge\desktop\dae\3rd year\2nd semester\programming 4\exam_assignment\gameproject\x64\debug\digdug.obj
c:\users\jorge\desktop\dae\3rd year\2nd semester\programming 4\exam_assignment\x64\debug\gameproject.lib
c:\users\jorge\desktop\dae\3rd year\2nd semester\programming 4\exam_assignment\x64\debug\gameproject.exp
c:\users\jorge\desktop\dae\3rd year\2nd semester\programming 4\exam_assignment\x64\debug\gameproject.ilk
c:\users\jorge\desktop\dae\3rd year\2nd semester\programming 4\exam_assignment\x64\debug\gameproject.exe
c:\users\jorge\desktop\dae\3rd year\2nd semester\programming 4\exam_assignment\x64\debug\gameproject.pdb
c:\users\jorge\desktop\dae\3rd year\2nd semester\programming 4\exam_assignment\gameproject\x64\debug\gameproject.tlog\cl.command.1.tlog
c:\users\jorge\desktop\dae\3rd year\2nd semester\programming 4\exam_assignment\gameproject\x64\debug\gameproject.tlog\cl.read.1.tlog
c:\users\jorge\desktop\dae\3rd year\2nd semester\programming 4\exam_assignment\gameproject\x64\debug\gameproject.tlog\cl.write.1.tlog
c:\users\jorge\desktop\dae\3rd year\2nd semester\programming 4\exam_assignment\gameproject\x64\debug\gameproject.tlog\gameproject.write.1u.tlog
c:\users\jorge\desktop\dae\3rd year\2nd semester\programming 4\exam_assignment\gameproject\x64\debug\gameproject.tlog\link.command.1.tlog
c:\users\jorge\desktop\dae\3rd year\2nd semester\programming 4\exam_assignment\gameproject\x64\debug\gameproject.tlog\link.read.1.tlog
c:\users\jorge\desktop\dae\3rd year\2nd semester\programming 4\exam_assignment\gameproject\x64\debug\gameproject.tlog\link.write.1.tlog
