c:\users\jorge\desktop\dae\3rd year\2nd semester\programming 4\exam_assignment\minigin\win32\debug\minigin.pch
c:\users\jorge\desktop\dae\3rd year\2nd semester\programming 4\exam_assignment\minigin\win32\debug\minigin.pdb
c:\users\jorge\desktop\dae\3rd year\2nd semester\programming 4\exam_assignment\minigin\win32\debug\minigin.idb
c:\users\jorge\desktop\dae\3rd year\2nd semester\programming 4\exam_assignment\minigin\win32\debug\miniginpch.obj
c:\users\jorge\desktop\dae\3rd year\2nd semester\programming 4\exam_assignment\minigin\win32\debug\svgparser.obj
c:\users\jorge\desktop\dae\3rd year\2nd semester\programming 4\exam_assignment\minigin\win32\debug\rotationcomponent.obj
c:\users\jorge\desktop\dae\3rd year\2nd semester\programming 4\exam_assignment\minigin\win32\debug\resourcemanager.obj
c:\users\jorge\desktop\dae\3rd year\2nd semester\programming 4\exam_assignment\minigin\win32\debug\renderer.obj
c:\users\jorge\desktop\dae\3rd year\2nd semester\programming 4\exam_assignment\minigin\win32\debug\quad.obj
c:\users\jorge\desktop\dae\3rd year\2nd semester\programming 4\exam_assignment\minigin\win32\debug\poolmanager.obj
c:\users\jorge\desktop\dae\3rd year\2nd semester\programming 4\exam_assignment\minigin\win32\debug\musicmanager.obj
c:\users\jorge\desktop\dae\3rd year\2nd semester\programming 4\exam_assignment\minigin\win32\debug\minigin.obj
c:\users\jorge\desktop\dae\3rd year\2nd semester\programming 4\exam_assignment\minigin\win32\debug\log.obj
c:\users\jorge\desktop\dae\3rd year\2nd semester\programming 4\exam_assignment\minigin\win32\debug\levelcollidercomponent.obj
c:\users\jorge\desktop\dae\3rd year\2nd semester\programming 4\exam_assignment\minigin\win32\debug\inputmanager.obj
c:\users\jorge\desktop\dae\3rd year\2nd semester\programming 4\exam_assignment\minigin\win32\debug\gamepad.obj
c:\users\jorge\desktop\dae\3rd year\2nd semester\programming 4\exam_assignment\minigin\win32\debug\gamescene.obj
c:\users\jorge\desktop\dae\3rd year\2nd semester\programming 4\exam_assignment\minigin\win32\debug\font.obj
c:\users\jorge\desktop\dae\3rd year\2nd semester\programming 4\exam_assignment\minigin\win32\debug\collisionmanager.obj
c:\users\jorge\desktop\dae\3rd year\2nd semester\programming 4\exam_assignment\minigin\win32\debug\collidercomponent.obj
c:\users\jorge\desktop\dae\3rd year\2nd semester\programming 4\exam_assignment\minigin\win32\debug\baseshape.obj
c:\users\jorge\desktop\dae\3rd year\2nd semester\programming 4\exam_assignment\minigin\win32\debug\translationcomponent.obj
c:\users\jorge\desktop\dae\3rd year\2nd semester\programming 4\exam_assignment\minigin\win32\debug\timercomponent.obj
c:\users\jorge\desktop\dae\3rd year\2nd semester\programming 4\exam_assignment\minigin\win32\debug\time.obj
c:\users\jorge\desktop\dae\3rd year\2nd semester\programming 4\exam_assignment\minigin\win32\debug\texture2d.obj
c:\users\jorge\desktop\dae\3rd year\2nd semester\programming 4\exam_assignment\minigin\win32\debug\spritecomponent.obj
c:\users\jorge\desktop\dae\3rd year\2nd semester\programming 4\exam_assignment\minigin\win32\debug\soundstream.obj
c:\users\jorge\desktop\dae\3rd year\2nd semester\programming 4\exam_assignment\minigin\win32\debug\soundeffect.obj
c:\users\jorge\desktop\dae\3rd year\2nd semester\programming 4\exam_assignment\minigin\win32\debug\soundcomponent.obj
c:\users\jorge\desktop\dae\3rd year\2nd semester\programming 4\exam_assignment\minigin\win32\debug\scenemanager.obj
c:\users\jorge\desktop\dae\3rd year\2nd semester\programming 4\exam_assignment\minigin\win32\debug\scalecomponent.obj
c:\users\jorge\desktop\dae\3rd year\2nd semester\programming 4\exam_assignment\win32\debug\minigin.lib
c:\users\jorge\desktop\dae\3rd year\2nd semester\programming 4\exam_assignment\minigin\win32\debug\gameobject.obj
c:\users\jorge\desktop\dae\3rd year\2nd semester\programming 4\exam_assignment\minigin\win32\debug\inputcomponent.obj
c:\users\jorge\desktop\dae\3rd year\2nd semester\programming 4\exam_assignment\minigin\win32\debug\rendercomponent.obj
c:\users\jorge\desktop\dae\3rd year\2nd semester\programming 4\exam_assignment\minigin\win32\debug\textcomponent.obj
c:\users\jorge\desktop\dae\3rd year\2nd semester\programming 4\exam_assignment\minigin\win32\debug\transformcomponent.obj
c:\users\jorge\desktop\dae\3rd year\2nd semester\programming 4\exam_assignment\win32\debug\minigin.pdb
c:\users\jorge\desktop\dae\3rd year\2nd semester\programming 4\exam_assignment\minigin\win32\debug\minigin.tlog\cl.command.1.tlog
c:\users\jorge\desktop\dae\3rd year\2nd semester\programming 4\exam_assignment\minigin\win32\debug\minigin.tlog\cl.read.1.tlog
c:\users\jorge\desktop\dae\3rd year\2nd semester\programming 4\exam_assignment\minigin\win32\debug\minigin.tlog\cl.write.1.tlog
c:\users\jorge\desktop\dae\3rd year\2nd semester\programming 4\exam_assignment\minigin\win32\debug\minigin.tlog\lib-link.read.1.tlog
c:\users\jorge\desktop\dae\3rd year\2nd semester\programming 4\exam_assignment\minigin\win32\debug\minigin.tlog\lib-link.write.1.tlog
c:\users\jorge\desktop\dae\3rd year\2nd semester\programming 4\exam_assignment\minigin\win32\debug\minigin.tlog\lib.command.1.tlog
