  CollisionManager.cpp
  Minigin.vcxproj -> C:\Users\jorge\Desktop\DAE\3rd Year\2nd semester\Programming 4\Exam_Assignment\Win32\Debug\Minigin.lib
  C:\Users\jorge\Desktop\DAE\3rd Year\2nd semester\Programming 4\Exam_Assignment\3rdParty\SDL2\lib\x86\SDL2.dll
  1 File(s) copied
  C:\Users\jorge\Desktop\DAE\3rd Year\2nd semester\Programming 4\Exam_Assignment\3rdParty\SDL2_image\lib\x86\libjpeg-9.dll
  C:\Users\jorge\Desktop\DAE\3rd Year\2nd semester\Programming 4\Exam_Assignment\3rdParty\SDL2_image\lib\x86\libpng16-16.dll
  C:\Users\jorge\Desktop\DAE\3rd Year\2nd semester\Programming 4\Exam_Assignment\3rdParty\SDL2_image\lib\x86\libtiff-5.dll
  C:\Users\jorge\Desktop\DAE\3rd Year\2nd semester\Programming 4\Exam_Assignment\3rdParty\SDL2_image\lib\x86\libwebp-7.dll
  C:\Users\jorge\Desktop\DAE\3rd Year\2nd semester\Programming 4\Exam_Assignment\3rdParty\SDL2_image\lib\x86\SDL2_image.dll
  C:\Users\jorge\Desktop\DAE\3rd Year\2nd semester\Programming 4\Exam_Assignment\3rdParty\SDL2_image\lib\x86\zlib1.dll
  6 File(s) copied
  C:\Users\jorge\Desktop\DAE\3rd Year\2nd semester\Programming 4\Exam_Assignment\3rdParty\SDL2_ttf\lib\x86\libfreetype-6.dll
  C:\Users\jorge\Desktop\DAE\3rd Year\2nd semester\Programming 4\Exam_Assignment\3rdParty\SDL2_ttf\lib\x86\SDL2_ttf.dll
  2 File(s) copied
  C:\Users\jorge\Desktop\DAE\3rd Year\2nd semester\Programming 4\Exam_Assignment\3rdParty\SDL2_mixer-2.0.1\lib\x86\libFLAC-8.dll
  C:\Users\jorge\Desktop\DAE\3rd Year\2nd semester\Programming 4\Exam_Assignment\3rdParty\SDL2_mixer-2.0.1\lib\x86\libmodplug-1.dll
  C:\Users\jorge\Desktop\DAE\3rd Year\2nd semester\Programming 4\Exam_Assignment\3rdParty\SDL2_mixer-2.0.1\lib\x86\libogg-0.dll
  C:\Users\jorge\Desktop\DAE\3rd Year\2nd semester\Programming 4\Exam_Assignment\3rdParty\SDL2_mixer-2.0.1\lib\x86\libvorbis-0.dll
  C:\Users\jorge\Desktop\DAE\3rd Year\2nd semester\Programming 4\Exam_Assignment\3rdParty\SDL2_mixer-2.0.1\lib\x86\libvorbisfile-3.dll
  C:\Users\jorge\Desktop\DAE\3rd Year\2nd semester\Programming 4\Exam_Assignment\3rdParty\SDL2_mixer-2.0.1\lib\x86\SDL2_mixer.dll
  C:\Users\jorge\Desktop\DAE\3rd Year\2nd semester\Programming 4\Exam_Assignment\3rdParty\SDL2_mixer-2.0.1\lib\x86\smpeg2.dll
  7 File(s) copied
  C:\Users\jorge\Desktop\DAE\3rd Year\2nd semester\Programming 4\Exam_Assignment\3rdParty\SDL_gfx\lib\sdlgfx.dll
  1 File(s) copied
